<?xml version="1.0" encoding="UTF-8"?>
<!-- Generated by org.testng.reporters.JUnitXMLReporter -->
<testsuite hostname="Samis-MBP.byod.gmu.edu" ignored="6" name="Contacts page test" tests="2" failures="0" timestamp="22 Apr 2018 22:23:06 GMT" time="0.033" errors="0">
  <testcase name="@BeforeMethod setUp" time="0.005" classname="com.crm.qa.testcases.HomePageTest">
    <failure type="java.lang.NullPointerException">
      <![CDATA[java.lang.NullPointerException
	at com.crm.qa.base.TestBase.initialization(TestBase.java:87)
	at com.crm.qa.testcases.HomePageTest.setUp(HomePageTest.java:49)
... Removed 27 stack frames]]>
    </failure>
  </testcase> <!-- @BeforeMethod setUp -->
  <testcase name="@BeforeMethod setUp" time="0.0" classname="com.crm.qa.testcases.HomePageTest">
    <skipped/>
  </testcase> <!-- @BeforeMethod setUp -->
  <testcase name="verifyContactsLink" time="0.0" classname="com.crm.qa.testcases.HomePageTest">
    <skipped/>
  </testcase> <!-- verifyContactsLink -->
  <testcase name="verifyHomePageTitle" time="0.0" classname="com.crm.qa.testcases.HomePageTest">
    <skipped/>
  </testcase> <!-- verifyHomePageTitle -->
  <testcase name="clickCalender" time="0.0" classname="com.crm.qa.testcases.HomePageTest">
    <ignored/>
  </testcase> <!-- clickCalender -->
  <testcase name="clickDeals" time="0.0" classname="com.crm.qa.testcases.HomePageTest">
    <ignored/>
  </testcase> <!-- clickDeals -->
  <testcase name="verifyLoggedInUsernameText" time="0.0" classname="com.crm.qa.testcases.HomePageTest">
    <ignored/>
  </testcase> <!-- verifyLoggedInUsernameText -->
  <testcase name="veridyLoggedInUser" time="0.0" classname="com.crm.qa.testcases.HomePageTest">
    <ignored/>
  </testcase> <!-- veridyLoggedInUser -->
  <testcase name="clickContacts" time="0.0" classname="com.crm.qa.testcases.HomePageTest">
    <ignored/>
  </testcase> <!-- clickContacts -->
  <testcase name="verifyHomePageLogo" time="0.0" classname="com.crm.qa.testcases.HomePageTest">
    <ignored/>
  </testcase> <!-- verifyHomePageLogo -->
</testsuite> <!-- Contacts page test -->
